<?xml version="1.0" encoding="UTF-8"?>
<!-- Generated by org.testng.reporters.JUnitReportReporter -->
<testsuite skipped="0" hostname="akatta27" name="Test.Demo1" tests="1" failures="0" timestamp="21 Jul 2019 07:06:45 GMT" time="0.024" errors="0">
  <testcase name="Sample" time="0.024" classname="Test.Demo1"/>
</testsuite> <!-- Test.Demo1 -->
